{"/Users/modan/work/qidian/vue-client/src/packages/components/common/Headers.vue": {"path":"/Users/modan/work/qidian/vue-client/src/packages/components/common/Headers.vue","statementMap":{"0":{"start":{"line":39,"column":0},"end":{"line":null,"column":-1}}},"fnMap":{"0":{"name":"data","decl":{"start":{"line":38,"column":0},"end":{"line":null,"column":-1}},"loc":{"start":{"line":38,"column":0},"end":{"line":46,"column":0}}},"1":{"name":"mounted","decl":{"start":{"line":47,"column":0},"end":{"line":null,"column":-1}},"loc":{"start":{"line":47,"column":0},"end":{"line":49,"column":0}}}},"branchMap":{},"s":{"0":0},"f":{"0":0,"1":0},"b":{}}
,"/Users/modan/work/qidian/vue-client/src/router/home.js": {"path":"/Users/modan/work/qidian/vue-client/src/router/home.js","statementMap":{"0":{"start":{"line":4,"column":15},"end":{"line":2,"column":1}},"1":{"start":{"line":8,"column":15},"end":{"line":6,"column":1}},"2":{"start":{"line":12,"column":15},"end":{"line":10,"column":1}}},"fnMap":{"0":{"name":"component","decl":{"start":{"line":4,"column":15},"end":{"line":4,"column":27}},"loc":{"start":{"line":4,"column":15},"end":{"line":2,"column":2}}},"1":{"name":"component","decl":{"start":{"line":8,"column":15},"end":{"line":8,"column":27}},"loc":{"start":{"line":8,"column":15},"end":{"line":6,"column":2}}},"2":{"name":"component","decl":{"start":{"line":12,"column":15},"end":{"line":12,"column":27}},"loc":{"start":{"line":12,"column":15},"end":{"line":10,"column":2}}}},"branchMap":{},"s":{"0":0,"1":0,"2":0},"f":{"0":0,"1":0,"2":0},"b":{}}
,"/Users/modan/work/qidian/vue-client/src/store/index.js": {"path":"/Users/modan/work/qidian/vue-client/src/store/index.js","statementMap":{"0":{"start":{"line":1,"column":0},"end":{"line":null,"column":-1}},"1":{"start":{"line":2,"column":0},"end":{"line":null,"column":-1}},"2":{"start":{"line":3,"column":0},"end":{"line":null,"column":-1}},"3":{"start":{"line":5,"column":0},"end":{"line":null,"column":-1}},"4":{"start":{"line":7,"column":13},"end":{"line":7,"column":7}}},"fnMap":{},"branchMap":{},"s":{"0":0,"1":0,"2":0,"3":0,"4":0},"f":{},"b":{}}
,"/Users/modan/work/qidian/vue-client/src/store/user/index.js": {"path":"/Users/modan/work/qidian/vue-client/src/store/user/index.js","statementMap":{"0":{"start":{"line":5,"column":0},"end":{"line":null,"column":-1}},"1":{"start":{"line":6,"column":0},"end":{"line":null,"column":-1}},"2":{"start":{"line":7,"column":0},"end":{"line":null,"column":-1}},"3":{"start":{"line":9,"column":19},"end":{"line":9,"column":0}},"4":{"start":{"line":10,"column":18},"end":{"line":10,"column":0}},"5":{"start":{"line":11,"column":20},"end":{"line":11,"column":0}},"6":{"start":{"line":12,"column":17},"end":{"line":12,"column":0}},"7":{"start":{"line":29,"column":6},"end":{"line":32,"column":7}},"8":{"start":{"line":30,"column":8},"end":{"line":null,"column":-1}},"9":{"start":{"line":31,"column":8},"end":{"line":null,"column":-1}},"10":{"start":{"line":33,"column":6},"end":{"line":null,"column":-1}},"11":{"start":{"line":34,"column":6},"end":{"line":null,"column":-1}},"12":{"start":{"line":35,"column":6},"end":{"line":null,"column":-1}},"13":{"start":{"line":36,"column":6},"end":{"line":null,"column":-1}},"14":{"start":{"line":37,"column":6},"end":{"line":null,"column":-1}},"15":{"start":{"line":38,"column":6},"end":{"line":null,"column":-1}},"16":{"start":{"line":41,"column":6},"end":{"line":null,"column":-1}},"17":{"start":{"line":42,"column":6},"end":{"line":null,"column":-1}},"18":{"start":{"line":43,"column":6},"end":{"line":null,"column":-1}},"19":{"start":{"line":44,"column":6},"end":{"line":null,"column":-1}},"20":{"start":{"line":45,"column":6},"end":{"line":null,"column":-1}},"21":{"start":{"line":46,"column":6},"end":{"line":null,"column":-1}},"22":{"start":{"line":47,"column":6},"end":{"line":null,"column":-1}},"23":{"start":{"line":48,"column":6},"end":{"line":null,"column":-1}},"24":{"start":{"line":52,"column":42},"end":{"line":52,"column":41}},"25":{"start":{"line":53,"column":6},"end":{"line":null,"column":-1}},"26":{"start":{"line":54,"column":8},"end":{"line":null,"column":-1}},"27":{"start":{"line":56,"column":8},"end":{"line":null,"column":-1}},"28":{"start":{"line":59,"column":35},"end":{"line":59,"column":34}},"29":{"start":{"line":60,"column":6},"end":{"line":null,"column":-1}},"30":{"start":{"line":61,"column":8},"end":{"line":null,"column":-1}}},"fnMap":{"0":{"name":"ACCOUNT_AUTH_STATUS_CHANGED","decl":{"start":{"line":28,"column":33},"end":{"line":28,"column":33}},"loc":{"start":{"line":28,"column":50},"end":{"line":27,"column":13}}},"1":{"name":"ACCOUNT_LOGOUT_FAILURE","decl":{"start":{"line":40,"column":28},"end":{"line":40,"column":28}},"loc":{"start":{"line":40,"column":39},"end":{"line":27,"column":13}}},"2":{"name":"accountLoginSubmit","decl":{"start":{"line":51,"column":11},"end":{"line":52,"column":33}},"loc":{"start":{"line":52,"column":42},"end":{"line":51,"column":11}}},"3":{"name":"(anonymous_5)","decl":{"start":{"line":53,"column":34},"end":{"line":53,"column":34}},"loc":{"start":{"line":53,"column":43},"end":{"line":53,"column":6}}},"4":{"name":"(anonymous_6)","decl":{"start":{"line":55,"column":15},"end":{"line":55,"column":20}},"loc":{"start":{"line":55,"column":21},"end":{"line":53,"column":6}}},"5":{"name":"accountLogoutSubmit","decl":{"start":{"line":51,"column":11},"end":{"line":59,"column":34}},"loc":{"start":{"line":59,"column":35},"end":{"line":51,"column":11}}},"6":{"name":"(anonymous_8)","decl":{"start":{"line":60,"column":29},"end":{"line":60,"column":35}},"loc":{"start":{"line":60,"column":36},"end":{"line":60,"column":6}}}},"branchMap":{"0":{"loc":{"start":{"line":29,"column":6},"end":{"line":32,"column":7}},"type":"if","locations":[{"start":{"line":29,"column":6},"end":{"line":32,"column":7}},{"start":{"line":29,"column":6},"end":{"line":32,"column":7}}]}},"s":{"0":0,"1":0,"2":0,"3":0,"4":0,"5":0,"6":0,"7":0,"8":0,"9":0,"10":0,"11":0,"12":0,"13":0,"14":0,"15":0,"16":0,"17":0,"18":0,"19":0,"20":0,"21":0,"22":0,"23":0,"24":0,"25":0,"26":0,"27":0,"28":0,"29":0,"30":0},"f":{"0":0,"1":0,"2":0,"3":0,"4":0,"5":0,"6":0},"b":{"0":[0,0]}}
,"/Users/modan/work/qidian/vue-client/src/store/user/user-types.js": {"path":"/Users/modan/work/qidian/vue-client/src/store/user/user-types.js","statementMap":{"0":{"start":{"line":1,"column":13},"end":{"line":1,"column":7}},"1":{"start":{"line":2,"column":13},"end":{"line":2,"column":7}}},"fnMap":{},"branchMap":{},"s":{"0":0,"1":0},"f":{},"b":{}}
,"/Users/modan/work/qidian/vue-client/src/tools/api.js": {"path":"/Users/modan/work/qidian/vue-client/src/tools/api.js","statementMap":{"0":{"start":{"line":4,"column":0},"end":{"line":null,"column":-1}},"1":{"start":{"line":11,"column":4},"end":{"line":null,"column":-1}},"2":{"start":{"line":15,"column":4},"end":{"line":null,"column":-1}}},"fnMap":{},"branchMap":{},"s":{"0":0,"1":0,"2":0},"f":{},"b":{}}
,"/Users/modan/work/qidian/vue-client/src/tools/servers.js": {"path":"/Users/modan/work/qidian/vue-client/src/tools/servers.js","statementMap":{"0":{"start":{"line":1,"column":0},"end":{"line":null,"column":-1}},"1":{"start":{"line":2,"column":0},"end":{"line":null,"column":-1}},"2":{"start":{"line":3,"column":0},"end":{"line":null,"column":-1}},"3":{"start":{"line":4,"column":0},"end":{"line":null,"column":-1}},"4":{"start":{"line":9,"column":21},"end":{"line":null,"column":-1}},"5":{"start":{"line":10,"column":4},"end":{"line":null,"column":-1}},"6":{"start":{"line":21,"column":4},"end":{"line":20,"column":33}},"7":{"start":{"line":21,"column":34},"end":{"line":20,"column":33}},"8":{"start":{"line":22,"column":29},"end":{"line":20,"column":33}},"9":{"start":{"line":20,"column":33},"end":{"line":20,"column":32}},"10":{"start":{"line":23,"column":20},"end":{"line":23,"column":4}},"11":{"start":{"line":24,"column":4},"end":{"line":24,"column":17}},"12":{"start":{"line":24,"column":17},"end":{"line":null,"column":-1}},"13":{"start":{"line":25,"column":4},"end":{"line":null,"column":-1}},"14":{"start":{"line":26,"column":4},"end":{"line":30,"column":5}},"15":{"start":{"line":27,"column":6},"end":{"line":null,"column":-1}},"16":{"start":{"line":29,"column":6},"end":{"line":null,"column":-1}},"17":{"start":{"line":31,"column":20},"end":{"line":31,"column":4}},"18":{"start":{"line":40,"column":8},"end":{"line":null,"column":-1}},"19":{"start":{"line":43,"column":4},"end":{"line":null,"column":-1}},"20":{"start":{"line":44,"column":6},"end":{"line":null,"column":-1}},"21":{"start":{"line":45,"column":8},"end":{"line":60,"column":9}},"22":{"start":{"line":46,"column":10},"end":{"line":null,"column":-1}},"23":{"start":{"line":48,"column":14},"end":{"line":null,"column":-1}},"24":{"start":{"line":50,"column":14},"end":{"line":null,"column":-1}},"25":{"start":{"line":52,"column":14},"end":{"line":null,"column":-1}},"26":{"start":{"line":54,"column":14},"end":{"line":null,"column":-1}},"27":{"start":{"line":56,"column":14},"end":{"line":46,"column":10}},"28":{"start":{"line":59,"column":10},"end":{"line":null,"column":-1}},"29":{"start":{"line":62,"column":8},"end":{"line":66,"column":9}},"30":{"start":{"line":63,"column":10},"end":{"line":null,"column":-1}},"31":{"start":{"line":65,"column":10},"end":{"line":null,"column":-1}},"32":{"start":{"line":68,"column":8},"end":{"line":null,"column":-1}},"33":{"start":{"line":74,"column":13},"end":{"line":74,"column":7}}},"fnMap":{"0":{"name":"BaseApi","decl":{"start":{"line":9,"column":2},"end":{"line":9,"column":14}},"loc":{"start":{"line":9,"column":21},"end":{"line":11,"column":3}}},"1":{"name":"validateStatus","decl":{"start":{"line":39,"column":22},"end":{"line":39,"column":22}},"loc":{"start":{"line":39,"column":34},"end":{"line":31,"column":20}}},"2":{"name":"(anonymous_5)","decl":{"start":{"line":43,"column":23},"end":{"line":43,"column":23}},"loc":{"start":{"line":43,"column":44},"end":{"line":43,"column":11}}},"3":{"name":"(anonymous_6)","decl":{"start":{"line":44,"column":34},"end":{"line":44,"column":40}},"loc":{"start":{"line":44,"column":41},"end":{"line":44,"column":6}}},"4":{"name":"(anonymous_7)","decl":{"start":{"line":61,"column":14},"end":{"line":61,"column":22}},"loc":{"start":{"line":61,"column":23},"end":{"line":44,"column":6}}},"5":{"name":"(anonymous_8)","decl":{"start":{"line":67,"column":15},"end":{"line":67,"column":21}},"loc":{"start":{"line":67,"column":22},"end":{"line":44,"column":6}}}},"branchMap":{"0":{"loc":{"start":{"line":21,"column":4},"end":{"line":20,"column":33}},"type":"if","locations":[{"start":{"line":21,"column":4},"end":{"line":20,"column":33}},{"start":{"line":21,"column":4},"end":{"line":20,"column":33}}]},"1":{"loc":{"start":{"line":21,"column":8},"end":{"line":21,"column":14}},"type":"cond-expr","locations":[{"start":{"line":21,"column":8},"end":{"line":21,"column":14}},{"start":{"line":21,"column":8},"end":{"line":21,"column":23}}]},"2":{"loc":{"start":{"line":24,"column":4},"end":{"line":24,"column":17}},"type":"if","locations":[{"start":{"line":24,"column":4},"end":{"line":24,"column":17}},{"start":{"line":24,"column":4},"end":{"line":24,"column":17}}]},"3":{"loc":{"start":{"line":26,"column":4},"end":{"line":30,"column":5}},"type":"if","locations":[{"start":{"line":26,"column":4},"end":{"line":30,"column":5}},{"start":{"line":26,"column":4},"end":{"line":30,"column":5}}]},"4":{"loc":{"start":{"line":26,"column":8},"end":{"line":26,"column":7}},"type":"binary-expr","locations":[{"start":{"line":26,"column":8},"end":{"line":26,"column":7}},{"start":{"line":26,"column":28},"end":{"line":26,"column":4}}]},"5":{"loc":{"start":{"line":40,"column":15},"end":{"line":40,"column":14}},"type":"binary-expr","locations":[{"start":{"line":40,"column":15},"end":{"line":40,"column":14}},{"start":{"line":40,"column":32},"end":{"line":40,"column":8}}]},"6":{"loc":{"start":{"line":47,"column":12},"end":{"line":48,"column":14}},"type":"switch","locations":[{"start":{"line":47,"column":12},"end":{"line":48,"column":14}},{"start":{"line":49,"column":12},"end":{"line":50,"column":14}},{"start":{"line":51,"column":12},"end":{"line":52,"column":14}},{"start":{"line":53,"column":12},"end":{"line":54,"column":14}},{"start":{"line":55,"column":12},"end":{"line":46,"column":10}}]},"7":{"loc":{"start":{"line":62,"column":8},"end":{"line":66,"column":9}},"type":"if","locations":[{"start":{"line":62,"column":8},"end":{"line":66,"column":9}},{"start":{"line":62,"column":8},"end":{"line":66,"column":9}}]}},"s":{"0":0,"1":0,"2":0,"3":0,"4":0,"5":0,"6":0,"7":0,"8":0,"9":0,"10":0,"11":0,"12":0,"13":0,"14":0,"15":0,"16":0,"17":0,"18":0,"19":0,"20":0,"21":0,"22":0,"23":0,"24":0,"25":0,"26":0,"27":0,"28":0,"29":0,"30":0,"31":0,"32":0,"33":0},"f":{"0":0,"1":0,"2":0,"3":0,"4":0,"5":0},"b":{"0":[0,0],"1":[0,0],"2":[0,0],"3":[0,0],"4":[0,0],"5":[0,0],"6":[0,0,0,0,0],"7":[0,0]}}
,"/Users/modan/work/qidian/vue-client/src/view/home/home.vue": {"path":"/Users/modan/work/qidian/vue-client/src/view/home/home.vue","statementMap":{"0":{"start":{"line":19,"column":0},"end":{"line":null,"column":-1}}},"fnMap":{"0":{"name":"data","decl":{"start":{"line":18,"column":0},"end":{"line":null,"column":-1}},"loc":{"start":{"line":18,"column":0},"end":{"line":23,"column":0}}},"1":{"name":"mounted","decl":{"start":{"line":25,"column":0},"end":{"line":null,"column":-1}},"loc":{"start":{"line":25,"column":0},"end":{"line":27,"column":0}}}},"branchMap":{},"s":{"0":0},"f":{"0":0,"1":0},"b":{}}
,"/Users/modan/work/qidian/vue-client/src/view/home/index.vue": {"path":"/Users/modan/work/qidian/vue-client/src/view/home/index.vue","statementMap":{"0":{"start":{"line":10,"column":0},"end":{"line":null,"column":-1}},"1":{"start":{"line":11,"column":0},"end":{"line":null,"column":-1}}},"fnMap":{},"branchMap":{},"s":{"0":0,"1":0},"f":{},"b":{}}
,"/Users/modan/work/qidian/vue-client/src/view/login/login.vue": {"path":"/Users/modan/work/qidian/vue-client/src/view/login/login.vue","statementMap":{"0":{"start":{"line":35,"column":0},"end":{"line":null,"column":-1}},"1":{"start":{"line":36,"column":0},"end":{"line":null,"column":-1}},"2":{"start":{"line":37,"column":0},"end":{"line":null,"column":-1}},"3":{"start":{"line":45,"column":0},"end":{"line":null,"column":-1}},"4":{"start":{"line":59,"column":0},"end":{"line":null,"column":-1}},"5":{"start":{"line":60,"column":0},"end":{"line":null,"column":-1}},"6":{"start":{"line":67,"column":0},"end":{"line":null,"column":-1}},"7":{"start":{"line":75,"column":0},"end":{"line":78,"column":0}},"8":{"start":{"line":76,"column":0},"end":{"line":null,"column":-1}},"9":{"start":{"line":77,"column":0},"end":{"line":null,"column":-1}},"10":{"start":{"line":84,"column":0},"end":{"line":null,"column":-1}}},"fnMap":{"0":{"name":"data","decl":{"start":{"line":44,"column":0},"end":{"line":null,"column":-1}},"loc":{"start":{"line":44,"column":0},"end":{"line":57,"column":0}}},"1":{"name":"isLogin","decl":{"start":{"line":59,"column":0},"end":{"line":null,"column":-1}},"loc":{"start":{"line":59,"column":0},"end":{"line":null,"column":-1}}},"2":{"name":"user","decl":{"start":{"line":60,"column":0},"end":{"line":null,"column":-1}},"loc":{"start":{"line":60,"column":0},"end":{"line":null,"column":-1}}},"3":{"name":"submit","decl":{"start":{"line":66,"column":0},"end":{"line":null,"column":-1}},"loc":{"start":{"line":66,"column":0},"end":{"line":73,"column":0}}},"4":{"name":"successWatcher","decl":{"start":{"line":74,"column":0},"end":{"line":null,"column":-1}},"loc":{"start":{"line":74,"column":0},"end":{"line":79,"column":0}}},"5":{"name":"$route","decl":{"start":{"line":83,"column":0},"end":{"line":null,"column":-1}},"loc":{"start":{"line":83,"column":0},"end":{"line":85,"column":0}}}},"branchMap":{"0":{"loc":{"start":{"line":75,"column":0},"end":{"line":78,"column":0}},"type":"if","locations":[{"start":{"line":75,"column":0},"end":{"line":78,"column":0}},{"start":{"line":75,"column":0},"end":{"line":78,"column":0}}]},"1":{"loc":{"start":{"line":76,"column":0},"end":{"line":null,"column":-1}},"type":"binary-expr","locations":[{"start":{"line":76,"column":0},"end":{"line":null,"column":-1}},{"start":{"line":76,"column":0},"end":{"line":null,"column":-1}}]}},"s":{"0":0,"1":0,"2":0,"3":0,"4":0,"5":0,"6":0,"7":0,"8":0,"9":0,"10":0},"f":{"0":0,"1":0,"2":0,"3":0,"4":0,"5":0},"b":{"0":[0,0],"1":[0,0]}}
,"/Users/modan/work/qidian/vue-client/src/view/login/reg.vue": {"path":"/Users/modan/work/qidian/vue-client/src/view/login/reg.vue","statementMap":{"0":{"start":{"line":41,"column":0},"end":{"line":null,"column":-1}},"1":{"start":{"line":42,"column":0},"end":{"line":null,"column":-1}},"2":{"start":{"line":50,"column":0},"end":{"line":null,"column":-1}},"3":{"start":{"line":73,"column":0},"end":{"line":null,"column":-1}},"4":{"start":{"line":83,"column":0},"end":{"line":null,"column":-1}}},"fnMap":{"0":{"name":"data","decl":{"start":{"line":49,"column":0},"end":{"line":null,"column":-1}},"loc":{"start":{"line":49,"column":0},"end":{"line":64,"column":0}}},"1":{"name":"submit","decl":{"start":{"line":66,"column":0},"end":{"line":null,"column":-1}},"loc":{"start":{"line":66,"column":0},"end":{"line":68,"column":0}}},"2":{"name":"successWatcher","decl":{"start":{"line":69,"column":0},"end":{"line":null,"column":-1}},"loc":{"start":{"line":69,"column":0},"end":{"line":71,"column":0}}},"3":{"name":"message","decl":{"start":{"line":72,"column":0},"end":{"line":null,"column":-1}},"loc":{"start":{"line":72,"column":0},"end":{"line":78,"column":0}}},"4":{"name":"$route","decl":{"start":{"line":82,"column":0},"end":{"line":null,"column":-1}},"loc":{"start":{"line":82,"column":0},"end":{"line":84,"column":0}}}},"branchMap":{},"s":{"0":0,"1":0,"2":0,"3":0,"4":0},"f":{"0":0,"1":0,"2":0,"3":0,"4":0},"b":{}}
}
