TN:
SF:/Users/modan/work/qidian/vue-client/src/packages/components/common/Headers.vue
FN:38,data
FN:47,mounted
FNF:2
FNH:0
FNDA:0,data
FNDA:0,mounted
DA:39,0
LF:1
LH:0
BRF:0
BRH:0
end_of_record
TN:
SF:/Users/modan/work/qidian/vue-client/src/router/home.js
FN:4,component
FN:8,component
FN:12,component
FNF:3
FNH:0
FNDA:0,component
FNDA:0,component
FNDA:0,component
DA:4,0
DA:8,0
DA:12,0
LF:3
LH:0
BRF:0
BRH:0
end_of_record
TN:
SF:/Users/modan/work/qidian/vue-client/src/store/index.js
FNF:0
FNH:0
DA:1,0
DA:2,0
DA:3,0
DA:5,0
DA:7,0
LF:5
LH:0
BRF:0
BRH:0
end_of_record
TN:
SF:/Users/modan/work/qidian/vue-client/src/store/user/index.js
FN:28,ACCOUNT_AUTH_STATUS_CHANGED
FN:40,ACCOUNT_LOGOUT_FAILURE
FN:51,accountLoginSubmit
FN:53,(anonymous_5)
FN:55,(anonymous_6)
FN:51,accountLogoutSubmit
FN:60,(anonymous_8)
FNF:7
FNH:0
FNDA:0,ACCOUNT_AUTH_STATUS_CHANGED
FNDA:0,ACCOUNT_LOGOUT_FAILURE
FNDA:0,accountLoginSubmit
FNDA:0,(anonymous_5)
FNDA:0,(anonymous_6)
FNDA:0,accountLogoutSubmit
FNDA:0,(anonymous_8)
DA:5,0
DA:6,0
DA:7,0
DA:9,0
DA:10,0
DA:11,0
DA:12,0
DA:29,0
DA:30,0
DA:31,0
DA:33,0
DA:34,0
DA:35,0
DA:36,0
DA:37,0
DA:38,0
DA:41,0
DA:42,0
DA:43,0
DA:44,0
DA:45,0
DA:46,0
DA:47,0
DA:48,0
DA:52,0
DA:53,0
DA:54,0
DA:56,0
DA:59,0
DA:60,0
DA:61,0
LF:31
LH:0
BRDA:29,0,0,0
BRDA:29,0,1,0
BRF:2
BRH:0
end_of_record
TN:
SF:/Users/modan/work/qidian/vue-client/src/store/user/user-types.js
FNF:0
FNH:0
DA:1,0
DA:2,0
LF:2
LH:0
BRF:0
BRH:0
end_of_record
TN:
SF:/Users/modan/work/qidian/vue-client/src/tools/api.js
FNF:0
FNH:0
DA:4,0
DA:11,0
DA:15,0
LF:3
LH:0
BRF:0
BRH:0
end_of_record
TN:
SF:/Users/modan/work/qidian/vue-client/src/tools/servers.js
FN:9,BaseApi
FN:39,validateStatus
FN:43,(anonymous_5)
FN:44,(anonymous_6)
FN:61,(anonymous_7)
FN:67,(anonymous_8)
FNF:6
FNH:0
FNDA:0,BaseApi
FNDA:0,validateStatus
FNDA:0,(anonymous_5)
FNDA:0,(anonymous_6)
FNDA:0,(anonymous_7)
FNDA:0,(anonymous_8)
DA:1,0
DA:2,0
DA:3,0
DA:4,0
DA:9,0
DA:10,0
DA:20,0
DA:21,0
DA:22,0
DA:23,0
DA:24,0
DA:25,0
DA:26,0
DA:27,0
DA:29,0
DA:31,0
DA:40,0
DA:43,0
DA:44,0
DA:45,0
DA:46,0
DA:48,0
DA:50,0
DA:52,0
DA:54,0
DA:56,0
DA:59,0
DA:62,0
DA:63,0
DA:65,0
DA:68,0
DA:74,0
LF:32
LH:0
BRDA:21,0,0,0
BRDA:21,0,1,0
BRDA:21,1,0,0
BRDA:21,1,1,0
BRDA:24,2,0,0
BRDA:24,2,1,0
BRDA:26,3,0,0
BRDA:26,3,1,0
BRDA:26,4,0,0
BRDA:26,4,1,0
BRDA:40,5,0,0
BRDA:40,5,1,0
BRDA:47,6,0,0
BRDA:47,6,1,0
BRDA:47,6,2,0
BRDA:47,6,3,0
BRDA:47,6,4,0
BRDA:62,7,0,0
BRDA:62,7,1,0
BRF:19
BRH:0
end_of_record
TN:
SF:/Users/modan/work/qidian/vue-client/src/view/home/home.vue
FN:18,data
FN:25,mounted
FNF:2
FNH:0
FNDA:0,data
FNDA:0,mounted
DA:19,0
LF:1
LH:0
BRF:0
BRH:0
end_of_record
TN:
SF:/Users/modan/work/qidian/vue-client/src/view/home/index.vue
FNF:0
FNH:0
DA:10,0
DA:11,0
LF:2
LH:0
BRF:0
BRH:0
end_of_record
TN:
SF:/Users/modan/work/qidian/vue-client/src/view/login/login.vue
FN:44,data
FN:59,isLogin
FN:60,user
FN:66,submit
FN:74,successWatcher
FN:83,$route
FNF:6
FNH:0
FNDA:0,data
FNDA:0,isLogin
FNDA:0,user
FNDA:0,submit
FNDA:0,successWatcher
FNDA:0,$route
DA:35,0
DA:36,0
DA:37,0
DA:45,0
DA:59,0
DA:60,0
DA:67,0
DA:75,0
DA:76,0
DA:77,0
DA:84,0
LF:11
LH:0
BRDA:75,0,0,0
BRDA:75,0,1,0
BRDA:76,1,0,0
BRDA:76,1,1,0
BRF:4
BRH:0
end_of_record
TN:
SF:/Users/modan/work/qidian/vue-client/src/view/login/reg.vue
FN:49,data
FN:66,submit
FN:69,successWatcher
FN:72,message
FN:82,$route
FNF:5
FNH:0
FNDA:0,data
FNDA:0,submit
FNDA:0,successWatcher
FNDA:0,message
FNDA:0,$route
DA:41,0
DA:42,0
DA:50,0
DA:73,0
DA:83,0
LF:5
LH:0
BRF:0
BRH:0
end_of_record
